This is pdfTeX, Version 3.141592653-2.6-1.40.27 (MiKTeX 25.4) (preloaded format=pdflatex 2025.10.18)  2 NOV 2025 12:45
entering extended mode
 restricted \write18 enabled.
 %&-line parsing enabled.
**./03_table.tex
(03_table.tex
LaTeX2e <2025-06-01> patch level 1
L3 programming layer <2025-09-02>
(C:\Users\Sohan\AppData\Local\Programs\MiKTeX\tex/latex/base\article.cls
Document Class: article 2025/01/22 v1.4n Standard LaTeX document class
(C:\Users\Sohan\AppData\Local\Programs\MiKTeX\tex/latex/base\size12.clo
File: size12.clo 2025/01/22 v1.4n Standard LaTeX file (size option)
)
\c@part=\count275
\c@section=\count276
\c@subsection=\count277
\c@subsubsection=\count278
\c@paragraph=\count279
\c@subparagraph=\count280
\c@figure=\count281
\c@table=\count282
\abovecaptionskip=\skip49
\belowcaptionskip=\skip50
\bibindent=\dimen148
)
(C:\Users\Sohan\AppData\Local\Programs\MiKTeX\tex/latex/float\float.sty
Package: float 2001/11/08 v1.3d Float enhancements (AL)
\c@float@type=\count283
\float@exts=\toks17
\float@box=\box53
\@float@everytoks=\toks18
\@floatcapt=\box54
)
(C:\Users\Sohan\AppData\Local\Programs\MiKTeX\tex/latex/tools\array.sty
Package: array 2025/06/08 v2.6j Tabular extension package (FMi)
\col@sep=\dimen149
\ar@mcellbox=\box55
\extrarowheight=\dimen150
\NC@list=\toks19
\extratabsurround=\skip51
\backup@length=\skip52
\ar@cellbox=\box56
)
(C:\Users\Sohan\AppData\Local\Programs\MiKTeX\tex/latex/ulem\ulem.sty
\UL@box=\box57
\UL@hyphenbox=\box58
\UL@skip=\skip53
\UL@hook=\toks20
\UL@height=\dimen151
\UL@pe=\count284
\UL@pixel=\dimen152
\ULC@box=\box59
Package: ulem 2019/11/18
\ULdepth=\dimen153
)
(C:\Users\Sohan\AppData\Local\Programs\MiKTeX\tex/latex/l3backend\l3backend-pdf
tex.def
File: l3backend-pdftex.def 2025-06-09 L3 backend support: PDF output (pdfTeX)
\l__color_backend_stack_int=\count285
) (03_table.aux)
\openout1 = `03_table.aux'.

LaTeX Font Info:    Checking defaults for OML/cmm/m/it on input line 7.
LaTeX Font Info:    ... okay on input line 7.
LaTeX Font Info:    Checking defaults for OMS/cmsy/m/n on input line 7.
LaTeX Font Info:    ... okay on input line 7.
LaTeX Font Info:    Checking defaults for OT1/cmr/m/n on input line 7.
LaTeX Font Info:    ... okay on input line 7.
LaTeX Font Info:    Checking defaults for T1/cmr/m/n on input line 7.
LaTeX Font Info:    ... okay on input line 7.
LaTeX Font Info:    Checking defaults for TS1/cmr/m/n on input line 7.
LaTeX Font Info:    ... okay on input line 7.
LaTeX Font Info:    Checking defaults for OMX/cmex/m/n on input line 7.
LaTeX Font Info:    ... okay on input line 7.
LaTeX Font Info:    Checking defaults for U/cmr/m/n on input line 7.
LaTeX Font Info:    ... okay on input line 7.
LaTeX Font Info:    External font `cmex10' loaded for size
(Font)              <12> on input line 15.
LaTeX Font Info:    External font `cmex10' loaded for size
(Font)              <8> on input line 15.
LaTeX Font Info:    External font `cmex10' loaded for size
(Font)              <6> on input line 15.

Underfull \hbox (badness 10000) in paragraph at lines 17--17
[]|\OT1/cmr/bx/n/12 ImageNet
 []


Underfull \hbox (badness 10000) in paragraph at lines 17--17
\OT1/cmr/bx/n/12 Su-per-
 []


Underfull \hbox (badness 10000) in paragraph at lines 17--17
\OT1/cmr/bx/n/12 vised
 []


Overfull \hbox (3.48018pt too wide) in paragraph at lines 17--17
[]|\OT1/cmr/bx/n/12 GastroNet
 []


Underfull \hbox (badness 10000) in paragraph at lines 17--17
[]|\OT1/cmr/bx/n/12 ImageNet
 []


Underfull \hbox (badness 10000) in paragraph at lines 17--17
\OT1/cmr/bx/n/12 Self-
 []


Overfull \hbox (3.73573pt too wide) in paragraph at lines 17--17
\OT1/cmr/bx/n/12 supervised
 []


Underfull \hbox (badness 10000) in paragraph at lines 17--18
[]|\OT1/cmr/bx/n/12 Billion-
 []


Underfull \hbox (badness 10000) in paragraph at lines 17--18
\OT1/cmr/bx/n/12 scale
 []


Overfull \hbox (35.78568pt too wide) in paragraph at lines 15--30
 [][] 
 []


Underfull \hbox (badness 10000) in paragraph at lines 36--40

 []


Underfull \hbox (badness 10000) in paragraph at lines 41--44

 []



[1

{C:/Users/Sohan/AppData/Local/MiKTeX/fonts/map/pdftex/pdftex.map}]
(03_table.aux)
 ***********
LaTeX2e <2025-06-01> patch level 1
L3 programming layer <2025-09-02>
 ***********
 ) 
Here is how much of TeX's memory you used:
 693 strings out of 468081
 12071 string characters out of 5425788
 443696 words of memory out of 5000000
 29420 multiletter control sequences out of 15000+600000
 631823 words of font info for 54 fonts, out of 8000000 for 9000
 1141 hyphenation exceptions out of 8191
 35i,10n,38p,214b,266s stack positions out of 10000i,1000n,20000p,200000b,200000s
<C:/Users/Sohan/AppData/Local/Programs/MiKTeX/fonts/type1/public/amsfonts/cm/
cmbx12.pfb><C:/Users/Sohan/AppData/Local/Programs/MiKTeX/fonts/type1/public/ams
fonts/cm/cmr12.pfb><C:/Users/Sohan/AppData/Local/Programs/MiKTeX/fonts/type1/pu
blic/amsfonts/cm/cmti12.pfb>
Output written on 03_table.pdf (1 page, 42603 bytes).
PDF statistics:
 21 PDF objects out of 1000 (max. 8388607)
 0 named destinations out of 1000 (max. 500000)
 1 words of extra memory for PDF output out of 10000 (max. 10000000)

